<?xml version="1.0" encoding="UTF-8"?>
<!-- Generated by org.testng.reporters.JUnitReportReporter -->
<testsuite hostname="LSTKAG233697" failures="0" tests="1" name="demoBlaze.Users.TS002_DemoBlaze_Users_LogIn" time="7.392" errors="0" timestamp="2022-04-22T00:25:57 CDT" skipped="0">
  <testcase classname="demoBlaze.Users.TS002_DemoBlaze_Users_LogIn" name="testCase002LogIn" time="7.392"/>
  <system-out/>
</testsuite> <!-- demoBlaze.Users.TS002_DemoBlaze_Users_LogIn -->
