<?xml version="1.0" encoding="UTF-8"?>
<!-- Generated by org.testng.reporters.JUnitReportReporter -->
<testsuite hostname="LSTKAG233697" failures="0" tests="1" name="demoBlaze.Users.TS003_DemoBlaze_Users_LogOut" time="9.630" errors="0" timestamp="2022-04-22T00:36:25 CDT" skipped="0">
  <testcase classname="demoBlaze.Users.TS003_DemoBlaze_Users_LogOut" name="testCase002LogOut" time="9.630"/>
  <system-out/>
</testsuite> <!-- demoBlaze.Users.TS003_DemoBlaze_Users_LogOut -->
