<?xml version="1.0" encoding="UTF-8"?>
<!-- Generated by org.testng.reporters.JUnitReportReporter -->
<testsuite hostname="LSTKAG233697" failures="0" tests="1" name="demoBlaze.Users.TC001_DemoBlaze_Users_SignUp" time="12.896" errors="0" timestamp="2022-04-22T00:09:13 CDT" skipped="0">
  <testcase classname="demoBlaze.Users.TC001_DemoBlaze_Users_SignUp" name="testCase001SignUp" time="12.896"/>
  <system-out/>
</testsuite> <!-- demoBlaze.Users.TC001_DemoBlaze_Users_SignUp -->
